<?xml version="1.0" encoding="utf-8"?><testsuites name="pytest tests"><testsuite name="pytest" errors="0" failures="0" skipped="0" tests="11" time="1.942" timestamp="2026-05-12T09:33:50.816212+00:00" hostname="agent-env-cc684cfb-d2de-4100-a664-d7c2b52b7363"><testcase classname="backend.tests.test_blog_admin.TestAdminLogin" name="test_login_wrong_token" time="0.326" /><testcase classname="backend.tests.test_blog_admin.TestAdminLogin" name="test_login_correct_token" time="0.062" /><testcase classname="backend.tests.test_blog_admin.TestBlogPosts" name="test_list_posts_public" time="0.060" /><testcase classname="backend.tests.test_blog_admin.TestBlogPosts" name="test_create_post_no_token" time="0.056" /><testcase classname="backend.tests.test_blog_admin.TestBlogPosts" name="test_create_post_wrong_token" time="0.184" /><testcase classname="backend.tests.test_blog_admin.TestBlogPosts" name="test_create_post_with_token" time="0.108" /><testcase classname="backend.tests.test_blog_admin.TestBlogPosts" name="test_post_appears_in_list" time="0.059" /><testcase classname="backend.tests.test_blog_admin.TestBlogPosts" name="test_delete_post_no_token" time="0.148" /><testcase classname="backend.tests.test_blog_admin.TestBlogPosts" name="test_delete_post_with_token" time="0.238" /><testcase classname="backend.tests.test_blog_admin.TestBlogPosts" name="test_delete_nonexistent" time="0.112" /><testcase classname="backend.tests.test_blog_admin.TestProjects" name="test_projects_endpoint" time="0.392" /></testsuite></testsuites>